<?xml version="1.0" encoding="UTF-8"?>
<!-- Generated by org.testng.reporters.JUnitXMLReporter -->
<testsuite hostname="TGS-DPC-2532" ignored="0" name="Default test" tests="3" failures="0" timestamp="14 Jan 2020 13:23:57 GMT" time="121.641" errors="0">
  <testcase name="feature" time="23.815" classname="cucumber.api.testng.AbstractTestNGCucumberTests"/>
  <testcase name="feature" time="96.25" classname="cucumber.api.testng.AbstractTestNGCucumberTests"/>
  <testcase name="feature" time="1.058" classname="cucumber.api.testng.AbstractTestNGCucumberTests"/>
</testsuite> <!-- Default test -->
