<?xml version="1.0" encoding="UTF-8"?>
<!-- Generated by org.testng.reporters.JUnitXMLReporter -->
<testsuite hostname="ESL-DPC-0012" ignored="0" name="Default test" tests="3" failures="0" timestamp="21 Feb 2020 08:38:17 GMT" time="562.642" errors="0">
  <testcase name="feature" time="20.403" classname="cucumber.api.testng.AbstractTestNGCucumberTests"/>
  <testcase name="feature" time="540.69" classname="cucumber.api.testng.AbstractTestNGCucumberTests"/>
  <testcase name="feature" time="1.233" classname="cucumber.api.testng.AbstractTestNGCucumberTests"/>
</testsuite> <!-- Default test -->
