<?xml version="1.0" encoding="UTF-8"?>
<!-- Generated by org.testng.reporters.JUnitXMLReporter -->
<testsuite hostname="TGS-DPC-2532" ignored="0" name="Test" tests="3" failures="0" timestamp="17 Jan 2020 10:01:43 GMT" time="34.83" errors="0">
  <testcase name="feature" time="23.426" classname="cucumber.api.testng.AbstractTestNGCucumberTests"/>
  <testcase name="feature" time="9.049" classname="cucumber.api.testng.AbstractTestNGCucumberTests"/>
  <testcase name="feature" time="1.937" classname="cucumber.api.testng.AbstractTestNGCucumberTests"/>
</testsuite> <!-- Test -->
