<?xml version="1.0" encoding="UTF-8"?>
<testng-results skipped="0" failed="0" ignored="0" total="3" passed="3">
  <reporter-output>
  </reporter-output>
  <suite name="Default suite" duration-ms="562642" started-at="2020-02-21T08:28:54Z" finished-at="2020-02-21T08:38:17Z">
    <groups>
      <group name="cucumber">
        <method signature="AbstractTestNGCucumberTests.feature(cucumber.api.testng.CucumberFeatureWrapper)[pri:0, instance:NTRunner.VSERunner@610694f1]" name="feature" class="cucumber.api.testng.AbstractTestNGCucumberTests"/>
      </group> <!-- cucumber -->
    </groups>
    <test name="Default test" duration-ms="562642" started-at="2020-02-21T08:28:54Z" finished-at="2020-02-21T08:38:17Z">
      <class name="NTRunner.VSERunner">
        <test-method status="PASS" signature="setUpClass()[pri:0, instance:NTRunner.VSERunner@610694f1]" name="setUpClass" is-config="true" duration-ms="227" started-at="2020-02-21T13:58:54Z" finished-at="2020-02-21T13:58:55Z">
          <reporter-output>
          </reporter-output>
        </test-method> <!-- setUpClass -->
        <test-method status="PASS" signature="feature(cucumber.api.testng.CucumberFeatureWrapper)[pri:0, instance:NTRunner.VSERunner@610694f1]" name="feature" duration-ms="20403" started-at="2020-02-21T13:58:55Z" description="Runs Cucumber Feature" data-provider="features" finished-at="2020-02-21T13:59:15Z">
          <params>
            <param index="0">
              <value>
                <![CDATA[Login to VSE Function]]>
              </value>
            </param>
          </params>
          <reporter-output>
          </reporter-output>
        </test-method> <!-- feature -->
        <test-method status="PASS" signature="feature(cucumber.api.testng.CucumberFeatureWrapper)[pri:0, instance:NTRunner.VSERunner@610694f1]" name="feature" duration-ms="540690" started-at="2020-02-21T13:59:15Z" description="Runs Cucumber Feature" data-provider="features" finished-at="2020-02-21T14:08:16Z">
          <params>
            <param index="0">
              <value>
                <![CDATA[Input trade details Function]]>
              </value>
            </param>
          </params>
          <reporter-output>
          </reporter-output>
        </test-method> <!-- feature -->
        <test-method status="PASS" signature="feature(cucumber.api.testng.CucumberFeatureWrapper)[pri:0, instance:NTRunner.VSERunner@610694f1]" name="feature" duration-ms="1233" started-at="2020-02-21T14:08:16Z" description="Runs Cucumber Feature" data-provider="features" finished-at="2020-02-21T14:08:17Z">
          <params>
            <param index="0">
              <value>
                <![CDATA[logout feature]]>
              </value>
            </param>
          </params>
          <reporter-output>
          </reporter-output>
        </test-method> <!-- feature -->
        <test-method status="PASS" signature="tearDownClass()[pri:0, instance:NTRunner.VSERunner@610694f1]" name="tearDownClass" is-config="true" duration-ms="5" started-at="2020-02-21T14:08:17Z" finished-at="2020-02-21T14:08:17Z">
          <reporter-output>
          </reporter-output>
        </test-method> <!-- tearDownClass -->
      </class> <!-- NTRunner.VSERunner -->
    </test> <!-- Default test -->
  </suite> <!-- Default suite -->
</testng-results>
